[2026-05-12 23:27:10] Phase 5 mini × S1 × Stage 3/4 Cartesian sweep starting; 64 jobs, parallel=5, outer_loop=3
[2026-05-12 23:27:10] log dir: /home/dgu/fin/revision/revision/favor/repro_logs
[2026-05-12 23:27:10] queue: (1/64) B1_paper_h10_s05_e0_pr04_t55
[2026-05-12 23:27:10] queue: (2/64) B1_paper_h10_s05_e0_pr04_t70
[2026-05-12 23:27:10] queue: (3/64) B1_paper_h10_s05_e0_pr06_t55
[2026-05-12 23:27:10] queue: (4/64) B1_paper_h10_s05_e0_pr06_t70
[2026-05-12 23:27:10] queue: (5/64) B1_paper_h10_s05_e1_pr04_t55
[2026-05-12 23:45:31] queue: (6/64) B1_paper_h10_s05_e1_pr04_t70
[2026-05-12 23:57:42] queue: (7/64) B1_paper_h10_s05_e1_pr06_t55
[2026-05-13 00:08:32] queue: (8/64) B1_paper_h10_s05_e1_pr06_t70
[2026-05-13 00:15:23] queue: (9/64) B1_paper_h10_sN_e0_pr04_t55
[2026-05-13 00:17:13] queue: (10/64) B1_paper_h10_sN_e0_pr04_t70
[2026-05-13 00:43:04] queue: (11/64) B1_paper_h10_sN_e0_pr06_t55
[2026-05-13 01:02:06] queue: (12/64) B1_paper_h10_sN_e0_pr06_t70
[2026-05-13 01:15:16] queue: (13/64) B1_paper_h10_sN_e1_pr04_t55
[2026-05-13 01:17:16] queue: (14/64) B1_paper_h10_sN_e1_pr04_t70
[2026-05-13 01:52:09] queue: (15/64) B1_paper_h10_sN_e1_pr06_t55
[2026-05-13 01:53:29] queue: (16/64) B1_paper_h10_sN_e1_pr06_t70
[2026-05-13 02:00:39] queue: (17/64) B2_compressed_h5_s05_e0_pr04_t55
[2026-05-13 02:07:10] queue: (18/64) B2_compressed_h5_s05_e0_pr04_t70
[2026-05-13 02:21:10] queue: (19/64) B2_compressed_h5_s05_e0_pr06_t55
[2026-05-13 02:24:31] queue: (20/64) B2_compressed_h5_s05_e0_pr06_t70
[2026-05-13 02:31:41] queue: (21/64) B2_compressed_h5_s05_e1_pr04_t55
[2026-05-13 02:43:02] queue: (22/64) B2_compressed_h5_s05_e1_pr04_t70
[2026-05-13 03:08:13] queue: (23/64) B2_compressed_h5_s05_e1_pr06_t55
[2026-05-13 03:37:55] queue: (24/64) B2_compressed_h5_s05_e1_pr06_t70
[2026-05-13 03:45:36] queue: (25/64) B2_compressed_h5_sN_e0_pr04_t55
[2026-05-13 04:02:27] queue: (26/64) B2_compressed_h5_sN_e0_pr04_t70
[2026-05-13 04:27:48] queue: (27/64) B2_compressed_h5_sN_e0_pr06_t55
[2026-05-13 04:31:38] queue: (28/64) B2_compressed_h5_sN_e0_pr06_t70
[2026-05-13 05:13:51] queue: (29/64) B2_compressed_h5_sN_e1_pr04_t55
[2026-05-13 05:29:32] queue: (30/64) B2_compressed_h5_sN_e1_pr04_t70
[2026-05-13 06:03:04] queue: (31/64) B2_compressed_h5_sN_e1_pr06_t55
[2026-05-13 06:03:54] queue: (32/64) B2_compressed_h5_sN_e1_pr06_t70
[2026-05-13 06:34:16] queue: (33/64) B3_volcomp_h5_s05_e0_pr04_t55
[2026-05-13 06:35:06] queue: (34/64) B3_volcomp_h5_s05_e0_pr04_t70
[2026-05-13 07:15:28] queue: (35/64) B3_volcomp_h5_s05_e0_pr06_t55
[2026-05-13 07:43:50] queue: (36/64) B3_volcomp_h5_s05_e0_pr06_t70
[2026-05-13 08:10:42] queue: (37/64) B3_volcomp_h5_s05_e1_pr04_t55
[2026-05-13 08:11:52] queue: (38/64) B3_volcomp_h5_s05_e1_pr04_t70
[2026-05-13 08:31:13] queue: (39/64) B3_volcomp_h5_s05_e1_pr06_t55
[2026-05-13 08:34:43] queue: (40/64) B3_volcomp_h5_s05_e1_pr06_t70
[2026-05-13 08:55:05] queue: (41/64) B3_volcomp_h5_sN_e0_pr04_t55
[2026-05-13 08:57:25] queue: (42/64) B3_volcomp_h5_sN_e0_pr04_t70
[2026-05-13 09:20:06] queue: (43/64) B3_volcomp_h5_sN_e0_pr06_t55
[2026-05-13 09:22:26] queue: (44/64) B3_volcomp_h5_sN_e0_pr06_t70
[2026-05-13 09:38:27] queue: (45/64) B3_volcomp_h5_sN_e1_pr04_t55
[2026-05-13 09:45:58] queue: (46/64) B3_volcomp_h5_sN_e1_pr04_t70
[2026-05-13 10:02:39] queue: (47/64) B3_volcomp_h5_sN_e1_pr06_t55
[2026-05-13 10:03:39] queue: (48/64) B3_volcomp_h5_sN_e1_pr06_t70
[2026-05-13 10:09:19] queue: (49/64) B4_panic_h3_s05_e0_pr04_t55
[2026-05-13 10:34:31] queue: (50/64) B4_panic_h3_s05_e0_pr04_t70
[2026-05-13 10:37:31] queue: (51/64) B4_panic_h3_s05_e0_pr06_t55
[2026-05-13 10:45:01] queue: (52/64) B4_panic_h3_s05_e0_pr06_t70
[2026-05-13 10:46:42] queue: (53/64) B4_panic_h3_s05_e1_pr04_t55
[2026-05-13 11:02:13] queue: (54/64) B4_panic_h3_s05_e1_pr04_t70
[2026-05-13 11:06:13] queue: (55/64) B4_panic_h3_s05_e1_pr06_t55
[2026-05-13 11:07:03] queue: (56/64) B4_panic_h3_s05_e1_pr06_t70
[2026-05-13 11:15:03] queue: (57/64) B4_panic_h3_sN_e0_pr04_t55
[2026-05-13 11:18:44] queue: (58/64) B4_panic_h3_sN_e0_pr04_t70
[2026-05-13 11:34:25] queue: (59/64) B4_panic_h3_sN_e0_pr06_t55
[2026-05-13 11:41:25] queue: (60/64) B4_panic_h3_sN_e0_pr06_t70
[2026-05-13 11:51:56] queue: (61/64) B4_panic_h3_sN_e1_pr04_t55
[2026-05-13 12:02:06] queue: (62/64) B4_panic_h3_sN_e1_pr04_t70
[2026-05-13 12:09:47] queue: (63/64) B4_panic_h3_sN_e1_pr06_t55
[2026-05-13 12:20:38] queue: (64/64) B4_panic_h3_sN_e1_pr06_t70
[2026-05-13 12:43:50] Phase 5 sweep complete; 64 jobs processed
[2026-05-13 12:43:50] rebuilding favor_dashboard.html ...
wrote /home/dgu/fin/revision/revision/favor/favor_dashboard.html — 133 runs (130 complete)
[2026-05-13 12:47:44] dashboard rebuilt: /home/dgu/fin/revision/revision/favor/favor_dashboard.html
